  ai.cpp
c:\users\olaf\dropbox\th5 (1)\game\gerald-beyondevil\game8\unit.h(62): warning C4244: 'return' : conversion from 'float' to 'int', possible loss of data
c:\users\olaf\dropbox\th5 (1)\game\gerald-beyondevil\game8\unit.h(90): warning C4244: 'return' : conversion from 'const float' to 'int', possible loss of data
c:\users\olaf\dropbox\th5 (1)\game\gerald-beyondevil\game8\unit.h(97): warning C4244: 'argument' : conversion from 'int' to 'float', possible loss of data
ai.cpp(34): warning C4244: 'argument' : conversion from 'time_t' to 'unsigned int', possible loss of data
  Animation.cpp
  archer.cpp
c:\users\olaf\dropbox\th5 (1)\game\gerald-beyondevil\game8\unit.h(62): warning C4244: 'return' : conversion from 'float' to 'int', possible loss of data
c:\users\olaf\dropbox\th5 (1)\game\gerald-beyondevil\game8\unit.h(90): warning C4244: 'return' : conversion from 'const float' to 'int', possible loss of data
c:\users\olaf\dropbox\th5 (1)\game\gerald-beyondevil\game8\unit.h(97): warning C4244: 'argument' : conversion from 'int' to 'float', possible loss of data
archer.cpp(7): warning C4305: '=' : truncation from 'double' to 'float'
  audio.cpp
  castle.cpp
c:\users\olaf\dropbox\th5 (1)\game\gerald-beyondevil\game8\unit.h(62): warning C4244: 'return' : conversion from 'float' to 'int', possible loss of data
c:\users\olaf\dropbox\th5 (1)\game\gerald-beyondevil\game8\unit.h(90): warning C4244: 'return' : conversion from 'const float' to 'int', possible loss of data
c:\users\olaf\dropbox\th5 (1)\game\gerald-beyondevil\game8\unit.h(97): warning C4244: 'argument' : conversion from 'int' to 'float', possible loss of data
castle.cpp(42): warning C4244: 'initializing' : conversion from 'const float' to 'int', possible loss of data
castle.cpp(43): warning C4244: 'initializing' : conversion from 'const float' to 'int', possible loss of data
castle.cpp(57): warning C4018: '<' : signed/unsigned mismatch
  draw_field.cpp
  FadeAnimation.cpp
FadeAnimation.cpp(29): warning C4244: '-=' : conversion from 'double' to 'float', possible loss of data
FadeAnimation.cpp(34): warning C4244: '+=' : conversion from 'double' to 'float', possible loss of data
  farm.cpp
farm.cpp(36): warning C4244: 'initializing' : conversion from 'const float' to 'int', possible loss of data
farm.cpp(37): warning C4244: 'initializing' : conversion from 'const float' to 'int', possible loss of data
farm.cpp(51): warning C4018: '<' : signed/unsigned mismatch
farm.cpp(83): warning C4305: '+=' : truncation from 'double' to 'float'
farm.cpp(147): warning C4244: 'return' : conversion from 'float' to 'int', possible loss of data
farm.cpp(151): warning C4244: 'return' : conversion from 'float' to 'int', possible loss of data
  game_over.cpp
game_over.cpp(6): warning C4244: 'argument' : conversion from 'int' to 'float', possible loss of data
game_over.cpp(6): warning C4244: 'argument' : conversion from 'int' to 'float', possible loss of data
game_over.cpp(7): warning C4244: 'argument' : conversion from 'const float' to 'int', possible loss of data
game_over.cpp(7): warning C4244: 'argument' : conversion from 'const float' to 'int', possible loss of data
  horseman.cpp
c:\users\olaf\dropbox\th5 (1)\game\gerald-beyondevil\game8\unit.h(62): warning C4244: 'return' : conversion from 'float' to 'int', possible loss of data
c:\users\olaf\dropbox\th5 (1)\game\gerald-beyondevil\game8\unit.h(90): warning C4244: 'return' : conversion from 'const float' to 'int', possible loss of data
c:\users\olaf\dropbox\th5 (1)\game\gerald-beyondevil\game8\unit.h(97): warning C4244: 'argument' : conversion from 'int' to 'float', possible loss of data
horseman.cpp(7): warning C4305: '=' : truncation from 'double' to 'float'
  hud.cpp
hud.cpp(33): warning C4244: 'argument' : conversion from 'double' to 'float', possible loss of data
hud.cpp(36): warning C4244: 'argument' : conversion from 'double' to 'float', possible loss of data
  InputManager.cpp
InputManager.cpp(32): warning C4018: '<' : signed/unsigned mismatch
InputManager.cpp(52): warning C4018: '<' : signed/unsigned mismatch
InputManager.cpp(73): warning C4018: '<' : signed/unsigned mismatch
  lumber_camp.cpp
lumber_camp.cpp(36): warning C4244: 'initializing' : conversion from 'const float' to 'int', possible loss of data
lumber_camp.cpp(37): warning C4244: 'initializing' : conversion from 'const float' to 'int', possible loss of data
lumber_camp.cpp(51): warning C4018: '<' : signed/unsigned mismatch
lumber_camp.cpp(84): warning C4305: '+=' : truncation from 'double' to 'float'
lumber_camp.cpp(147): warning C4244: 'return' : conversion from 'float' to 'int', possible loss of data
  main.cpp
c:\users\olaf\dropbox\th5 (1)\game\gerald-beyondevil\game8\unit.h(62): warning C4244: 'return' : conversion from 'float' to 'int', possible loss of data
c:\users\olaf\dropbox\th5 (1)\game\gerald-beyondevil\game8\unit.h(90): warning C4244: 'return' : conversion from 'const float' to 'int', possible loss of data
c:\users\olaf\dropbox\th5 (1)\game\gerald-beyondevil\game8\unit.h(97): warning C4244: 'argument' : conversion from 'int' to 'float', possible loss of data
  maingamescreen.cpp
  market.cpp
  menu.cpp
menu.cpp(43): warning C4244: 'argument' : conversion from 'float' to 'sf::Uint8', possible loss of data
  mining_camp.cpp
mining_camp.cpp(44): warning C4244: 'initializing' : conversion from 'const float' to 'int', possible loss of data
mining_camp.cpp(45): warning C4244: 'initializing' : conversion from 'const float' to 'int', possible loss of data
mining_camp.cpp(59): warning C4018: '<' : signed/unsigned mismatch
mining_camp.cpp(91): warning C4305: '+=' : truncation from 'double' to 'float'
mining_camp.cpp(131): warning C4305: '+=' : truncation from 'double' to 'float'
mining_camp.cpp(199): warning C4244: 'return' : conversion from 'float' to 'int', possible loss of data
mining_camp.cpp(202): warning C4244: 'return' : conversion from 'float' to 'int', possible loss of data
  mouse.cpp
  resources.cpp
  Compiling...
  ScreenManager.cpp
  SplashScreen.cpp
  status.cpp
  swordsman.cpp
c:\users\olaf\dropbox\th5 (1)\game\gerald-beyondevil\game8\unit.h(62): warning C4244: 'return' : conversion from 'float' to 'int', possible loss of data
c:\users\olaf\dropbox\th5 (1)\game\gerald-beyondevil\game8\unit.h(90): warning C4244: 'return' : conversion from 'const float' to 'int', possible loss of data
c:\users\olaf\dropbox\th5 (1)\game\gerald-beyondevil\game8\unit.h(97): warning C4244: 'argument' : conversion from 'int' to 'float', possible loss of data
swordsman.cpp(8): warning C4305: '=' : truncation from 'double' to 'float'
  field_manager.cpp
c:\users\olaf\dropbox\th5 (1)\game\gerald-beyondevil\game8\unit.h(62): warning C4244: 'return' : conversion from 'float' to 'int', possible loss of data
c:\users\olaf\dropbox\th5 (1)\game\gerald-beyondevil\game8\unit.h(90): warning C4244: 'return' : conversion from 'const float' to 'int', possible loss of data
c:\users\olaf\dropbox\th5 (1)\game\gerald-beyondevil\game8\unit.h(97): warning C4244: 'argument' : conversion from 'int' to 'float', possible loss of data
field_manager.cpp(47): warning C4244: 'argument' : conversion from 'double' to 'int', possible loss of data
field_manager.cpp(57): warning C4244: 'argument' : conversion from 'double' to 'int', possible loss of data
field_manager.cpp(62): warning C4244: 'argument' : conversion from 'double' to 'int', possible loss of data
field_manager.cpp(65): warning C4244: 'argument' : conversion from 'double' to 'int', possible loss of data
field_manager.cpp(78): warning C4244: 'return' : conversion from 'int' to 'float', possible loss of data
field_manager.cpp(79): warning C4244: 'return' : conversion from 'int' to 'float', possible loss of data
  text.cpp
text.cpp(18): warning C4244: 'argument' : conversion from 'int' to 'float', possible loss of data
text.cpp(18): warning C4244: 'argument' : conversion from 'int' to 'float', possible loss of data
  TitleScreen.cpp
TitleScreen.cpp(54): warning C4482: nonstandard extension used: enum 'sf::Mouse::Button' used in qualified name
TitleScreen.cpp(62): warning C4482: nonstandard extension used: enum 'sf::Mouse::Button' used in qualified name
  tutorial.cpp
  unit.cpp
c:\users\olaf\dropbox\th5 (1)\game\gerald-beyondevil\game8\unit.h(62): warning C4244: 'return' : conversion from 'float' to 'int', possible loss of data
c:\users\olaf\dropbox\th5 (1)\game\gerald-beyondevil\game8\unit.h(90): warning C4244: 'return' : conversion from 'const float' to 'int', possible loss of data
c:\users\olaf\dropbox\th5 (1)\game\gerald-beyondevil\game8\unit.h(97): warning C4244: 'argument' : conversion from 'int' to 'float', possible loss of data
unit.cpp(15): warning C4244: 'argument' : conversion from 'int' to 'float', possible loss of data
unit.cpp(25): warning C4244: 'argument' : conversion from 'int' to 'float', possible loss of data
unit.cpp(34): warning C4244: 'argument' : conversion from 'int' to 'float', possible loss of data
unit.cpp(48): warning C4018: '>=' : signed/unsigned mismatch
unit.cpp(63): warning C4244: 'argument' : conversion from 'int' to 'float', possible loss of data
  Generating code
  Finished generating code
  Game8.vcxproj -> C:\Users\Olaf\Dropbox\TH5 (1)\Game\Gerald-BeyondEvil\Release\Game8.exe
